{"numTotalTestSuites":111,"numPassedTestSuites":111,"numFailedTestSuites":0,"numPendingTestSuites":0,"numTotalTests":330,"numPassedTests":330,"numFailedTests":0,"numPendingTests":0,"numTodoTests":0,"startTime":1765810591055,"success":true,"testResults":[{"assertionResults":[{"ancestorTitles":[""],"fullName":" USC bridges Minnesota and Notre Dame and is centered between anchors","status":"passed","title":"USC bridges Minnesota and Notre Dame and is centered between anchors","duration":2,"failureMessages":[]},{"ancestorTitles":[""],"fullName":" calculateDegreePositions is deterministic for same input","status":"passed","title":"calculateDegreePositions is deterministic for same input","duration":1,"failureMessages":[]}],"startTime":1765810591583,"endTime":1765810591586,"status":"passed","message":"","name":"C:/Development/fbs-graph/test/calculateDegreePositions.minn-usc-nd.test.ts"},{"assertionResults":[{"ancestorTitles":[""],"fullName":" new layering algorithm handles incomplete edge sets gracefully","status":"passed","title":"new layering algorithm handles incomplete edge sets gracefully","duration":2,"failureMessages":[]}],"startTime":1765810591900,"endTime":1765810591902,"status":"passed","message":"","name":"C:/Development/fbs-graph/test/calculateDegreePositions.soft-anchor.test.ts"},{"assertionResults":[{"ancestorTitles":[""],"fullName":" degree-1 nodes are centered between source and first path node","status":"passed","title":"degree-1 nodes are centered between source and first path node","duration":2,"failureMessages":[]},{"ancestorTitles":[""],"fullName":" new layering handles incomplete edges and uses fallback positioning","status":"passed","title":"new layering handles incomplete edges and uses fallback positioning","duration":1,"failureMessages":[]}],"startTime":1765810591584,"endTime":1765810591587,"status":"passed","message":"","name":"C:/Development/fbs-graph/test/calculateDegreePositions.test.ts"},{"assertionResults":[{"ancestorTitles":["","dedup / latest selection behavior"],"fullName":" dedup / latest selection behavior selects the latest snapshot for a team when duplicates exist","status":"passed","title":"selects the latest snapshot for a team when duplicates exist","duration":1,"failureMessages":[]}],"startTime":1765810591914,"endTime":1765810591915,"status":"passed","message":"","name":"C:/Development/fbs-graph/test/polls.dup.test.ts"},{"assertionResults":[{"ancestorTitles":["","server-level ranking preference (CFP -> COACHES -> AP)"],"fullName":" server-level ranking preference (CFP -> COACHES -> AP) prefers CFP when present","status":"passed","title":"prefers CFP when present","duration":1,"failureMessages":[]},{"ancestorTitles":["","server-level ranking preference (CFP -> COACHES -> AP)"],"fullName":" server-level ranking preference (CFP -> COACHES -> AP) falls back to COACHES when CFP is absent but COACHES present","status":"passed","title":"falls back to COACHES when CFP is absent but COACHES present","duration":0,"failureMessages":[]},{"ancestorTitles":["","server-level ranking preference (CFP -> COACHES -> AP)"],"fullName":" server-level ranking preference (CFP -> COACHES -> AP) falls back to AP when only AP present","status":"passed","title":"falls back to AP when only AP present","duration":0,"failureMessages":[]}],"startTime":1765810591888,"endTime":1765810591890,"status":"passed","message":"","name":"C:/Development/fbs-graph/test/polls.preference.test.ts"},{"assertionResults":[{"ancestorTitles":["","buildLatestRankMap"],"fullName":" buildLatestRankMap returns correct ranks for AP snapshots","status":"passed","title":"returns correct ranks for AP snapshots","duration":1,"failureMessages":[]},{"ancestorTitles":["","buildLatestRankMap"],"fullName":" buildLatestRankMap returns correct ranks for CFP snapshots","status":"passed","title":"returns correct ranks for CFP snapshots","duration":1,"failureMessages":[]},{"ancestorTitles":["","buildLatestRankMap"],"fullName":" buildLatestRankMap returns correct ranks for Coaches snapshots","status":"passed","title":"returns correct ranks for Coaches snapshots","duration":1,"failureMessages":[]},{"ancestorTitles":["","buildLatestRankMap"],"fullName":" buildLatestRankMap preference order CFP -> COACHES -> AP (selection simulation)","status":"passed","title":"preference order CFP -> COACHES -> AP (selection simulation)","duration":1,"failureMessages":[]}],"startTime":1765810591575,"endTime":1765810591579,"status":"passed","message":"","name":"C:/Development/fbs-graph/test/polls.test.ts"},{"assertionResults":[{"ancestorTitles":["","CSS Files and Styling","shared-nav.css"],"fullName":" CSS Files and Styling shared-nav.css should exist","status":"passed","title":"should exist","duration":1,"failureMessages":[]},{"ancestorTitles":["","CSS Files and Styling","shared-nav.css"],"fullName":" CSS Files and Styling shared-nav.css should define .nav-container styles","status":"passed","title":"should define .nav-container styles","duration":0,"failureMessages":[]},{"ancestorTitles":["","CSS Files and Styling","shared-nav.css"],"fullName":" CSS Files and Styling shared-nav.css should define .nav-menu styles","status":"passed","title":"should define .nav-menu styles","duration":0,"failureMessages":[]},{"ancestorTitles":["","CSS Files and Styling","shared-nav.css"],"fullName":" CSS Files and Styling shared-nav.css should define .nav-toggle styles","status":"passed","title":"should define .nav-toggle styles","duration":0,"failureMessages":[]},{"ancestorTitles":["","CSS Files and Styling","shared-nav.css"],"fullName":" CSS Files and Styling shared-nav.css should define .nav-toggle-fixed styles","status":"passed","title":"should define .nav-toggle-fixed styles","duration":1,"failureMessages":[]},{"ancestorTitles":["","CSS Files and Styling","shared-nav.css"],"fullName":" CSS Files and Styling shared-nav.css should use dark theme CSS variables","status":"passed","title":"should use dark theme CSS variables","duration":0,"failureMessages":[]},{"ancestorTitles":["","CSS Files and Styling","shared-nav.css"],"fullName":" CSS Files and Styling shared-nav.css should define navigation width as 220px","status":"passed","title":"should define navigation width as 220px","duration":0,"failureMessages":[]},{"ancestorTitles":["","CSS Files and Styling","shared-nav.css"],"fullName":" CSS Files and Styling shared-nav.css should define transition duration as 0.3s","status":"passed","title":"should define transition duration as 0.3s","duration":0,"failureMessages":[]},{"ancestorTitles":["","CSS Files and Styling","shared-nav.css"],"fullName":" CSS Files and Styling shared-nav.css should have styles for content-wrapper","status":"passed","title":"should have styles for content-wrapper","duration":0,"failureMessages":[]},{"ancestorTitles":["","CSS Files and Styling","shared-nav.css"],"fullName":" CSS Files and Styling shared-nav.css should have styles for nav-collapsed state","status":"passed","title":"should have styles for nav-collapsed state","duration":1,"failureMessages":[]},{"ancestorTitles":["","CSS Files and Styling","shared-nav.css"],"fullName":" CSS Files and Styling shared-nav.css should use fixed positioning for navigation","status":"passed","title":"should use fixed positioning for navigation","duration":0,"failureMessages":[]},{"ancestorTitles":["","CSS Files and Styling","shared-nav.css"],"fullName":" CSS Files and Styling shared-nav.css should define z-index for layering","status":"passed","title":"should define z-index for layering","duration":0,"failureMessages":[]},{"ancestorTitles":["","CSS Files and Styling","shared-nav.css"],"fullName":" CSS Files and Styling shared-nav.css should have hover styles for links","status":"passed","title":"should have hover styles for links","duration":0,"failureMessages":[]},{"ancestorTitles":["","CSS Files and Styling","shared-nav.css"],"fullName":" CSS Files and Styling shared-nav.css should have active link styles","status":"passed","title":"should have active link styles","duration":0,"failureMessages":[]},{"ancestorTitles":["","CSS Files and Styling","shared-nav.css"],"fullName":" CSS Files and Styling shared-nav.css should define transition for smooth collapse/expand","status":"passed","title":"should define transition for smooth collapse/expand","duration":0,"failureMessages":[]},{"ancestorTitles":["","CSS Files and Styling","common-theme.css"],"fullName":" CSS Files and Styling common-theme.css should exist","status":"passed","title":"should exist","duration":0,"failureMessages":[]},{"ancestorTitles":["","CSS Files and Styling","common-theme.css"],"fullName":" CSS Files and Styling common-theme.css should define --bg CSS variable","status":"passed","title":"should define --bg CSS variable","duration":1,"failureMessages":[]},{"ancestorTitles":["","CSS Files and Styling","common-theme.css"],"fullName":" CSS Files and Styling common-theme.css should define --panel CSS variable","status":"passed","title":"should define --panel CSS variable","duration":0,"failureMessages":[]},{"ancestorTitles":["","CSS Files and Styling","common-theme.css"],"fullName":" CSS Files and Styling common-theme.css should define --ink CSS variable","status":"passed","title":"should define --ink CSS variable","duration":0,"failureMessages":[]},{"ancestorTitles":["","CSS Files and Styling","common-theme.css"],"fullName":" CSS Files and Styling common-theme.css should define --muted CSS variable","status":"passed","title":"should define --muted CSS variable","duration":0,"failureMessages":[]},{"ancestorTitles":["","CSS Files and Styling","common-theme.css"],"fullName":" CSS Files and Styling common-theme.css should define --accent CSS variable","status":"passed","title":"should define --accent CSS variable","duration":0,"failureMessages":[]},{"ancestorTitles":["","CSS Files and Styling","common-theme.css"],"fullName":" CSS Files and Styling common-theme.css should use dark color scheme (dark background)","status":"passed","title":"should use dark color scheme (dark background)","duration":1,"failureMessages":[]},{"ancestorTitles":["","CSS Files and Styling","Page-specific CSS files"],"fullName":" CSS Files and Styling Page-specific CSS files fbs-graph-visualizer.css should exist if referenced","status":"passed","title":"fbs-graph-visualizer.css should exist if referenced","duration":1,"failureMessages":[]},{"ancestorTitles":["","CSS Files and Styling","Page-specific CSS files"],"fullName":" CSS Files and Styling Page-specific CSS files fbs-graph-timeline-explorer.css should exist if referenced","status":"passed","title":"fbs-graph-timeline-explorer.css should exist if referenced","duration":0,"failureMessages":[]},{"ancestorTitles":["","CSS Files and Styling","CSS Color Consistency"],"fullName":" CSS Files and Styling CSS Color Consistency shared-nav.css should not hardcode colors that exist as CSS variables","status":"passed","title":"shared-nav.css should not hardcode colors that exist as CSS variables","duration":1,"failureMessages":[]},{"ancestorTitles":["","CSS Files and Styling","Responsive Layout Styles"],"fullName":" CSS Files and Styling Responsive Layout Styles should define collapsed state transform","status":"passed","title":"should define collapsed state transform","duration":0,"failureMessages":[]},{"ancestorTitles":["","CSS Files and Styling","Responsive Layout Styles"],"fullName":" CSS Files and Styling Responsive Layout Styles should adjust content-wrapper margin based on nav state","status":"passed","title":"should adjust content-wrapper margin based on nav state","duration":0,"failureMessages":[]},{"ancestorTitles":["","CSS Files and Styling","Responsive Layout Styles"],"fullName":" CSS Files and Styling Responsive Layout Styles should define nav-collapsed state for content-wrapper","status":"passed","title":"should define nav-collapsed state for content-wrapper","duration":1,"failureMessages":[]},{"ancestorTitles":["","CSS Files and Styling","Navigation Icon Styles"],"fullName":" CSS Files and Styling Navigation Icon Styles should have toggle button styles","status":"passed","title":"should have toggle button styles","duration":0,"failureMessages":[]},{"ancestorTitles":["","CSS Files and Styling","Navigation Icon Styles"],"fullName":" CSS Files and Styling Navigation Icon Styles should define button styles for both inline and fixed toggles","status":"passed","title":"should define button styles for both inline and fixed toggles","duration":0,"failureMessages":[]}],"startTime":1765810591576,"endTime":1765810591585,"status":"passed","message":"","name":"C:/Development/fbs-graph/web/tests/css-structure.test.ts"},{"assertionResults":[{"ancestorTitles":["","cytoscape-builder","COLORS constant"],"fullName":" cytoscape-builder COLORS constant should have conference color mappings","status":"passed","title":"should have conference color mappings","duration":1,"failureMessages":[]},{"ancestorTitles":["","cytoscape-builder","DEGREE_COLORS constant"],"fullName":" cytoscape-builder DEGREE_COLORS constant should have 6 degree colors for hops 1-6","status":"passed","title":"should have 6 degree colors for hops 1-6","duration":0,"failureMessages":[]},{"ancestorTitles":["","cytoscape-builder","createEdgeKey"],"fullName":" cytoscape-builder createEdgeKey should create consistent alphabetically sorted keys","status":"passed","title":"should create consistent alphabetically sorted keys","duration":0,"failureMessages":[]},{"ancestorTitles":["","cytoscape-builder","createEdgeKey"],"fullName":" cytoscape-builder createEdgeKey should handle identical IDs","status":"passed","title":"should handle identical IDs","duration":1,"failureMessages":[]},{"ancestorTitles":["","cytoscape-builder","buildGraphElements"],"fullName":" cytoscape-builder buildGraphElements should build nodes and edges from team and game data","status":"passed","title":"should build nodes and edges from team and game data","duration":1,"failureMessages":[]},{"ancestorTitles":["","cytoscape-builder","buildGraphElements"],"fullName":" cytoscape-builder buildGraphElements should respect typeFilter for CONFERENCE games only","status":"passed","title":"should respect typeFilter for CONFERENCE games only","duration":0,"failureMessages":[]},{"ancestorTitles":["","cytoscape-builder","buildGraphElements"],"fullName":" cytoscape-builder buildGraphElements should respect minLeverage threshold","status":"passed","title":"should respect minLeverage threshold","duration":1,"failureMessages":[]},{"ancestorTitles":["","cytoscape-builder","buildGraphElements"],"fullName":" cytoscape-builder buildGraphElements should filter nodes when pathFilter is provided","status":"passed","title":"should filter nodes when pathFilter is provided","duration":1,"failureMessages":[]},{"ancestorTitles":["","cytoscape-builder","buildGraphElements"],"fullName":" cytoscape-builder buildGraphElements should filter edges when pathFilter is provided","status":"passed","title":"should filter edges when pathFilter is provided","duration":1,"failureMessages":[]},{"ancestorTitles":["","cytoscape-builder","buildGraphElements"],"fullName":" cytoscape-builder buildGraphElements should assign conference classes to nodes","status":"passed","title":"should assign conference classes to nodes","duration":1,"failureMessages":[]},{"ancestorTitles":["","cytoscape-builder","buildGraphElements"],"fullName":" cytoscape-builder buildGraphElements should color edges based on degree when pathFilter has nodesByDegree","status":"passed","title":"should color edges based on degree when pathFilter has nodesByDegree","duration":0,"failureMessages":[]},{"ancestorTitles":["","cytoscape-builder","buildGraphElements"],"fullName":" cytoscape-builder buildGraphElements should populate pairGames Map correctly","status":"passed","title":"should populate pairGames Map correctly","duration":0,"failureMessages":[]},{"ancestorTitles":["","cytoscape-builder","calculateDegreePositions"],"fullName":" cytoscape-builder calculateDegreePositions should position source on left and destination on right","status":"passed","title":"should position source on left and destination on right","duration":1,"failureMessages":[]},{"ancestorTitles":["","cytoscape-builder","calculateDegreePositions"],"fullName":" cytoscape-builder calculateDegreePositions should position intermediate nodes between source and destination","status":"passed","title":"should position intermediate nodes between source and destination","duration":0,"failureMessages":[]},{"ancestorTitles":["","cytoscape-builder","calculateDegreePositions"],"fullName":" cytoscape-builder calculateDegreePositions should handle multiple nodes at same degree","status":"passed","title":"should handle multiple nodes at same degree","duration":0,"failureMessages":[]},{"ancestorTitles":["","cytoscape-builder","calculateDegreePositions"],"fullName":" cytoscape-builder calculateDegreePositions should use custom width and height parameters","status":"passed","title":"should use custom width and height parameters","duration":1,"failureMessages":[]},{"ancestorTitles":["","cytoscape-builder","createCytoscapeStyle"],"fullName":" cytoscape-builder createCytoscapeStyle should return valid Cytoscape style array","status":"passed","title":"should return valid Cytoscape style array","duration":0,"failureMessages":[]},{"ancestorTitles":["","cytoscape-builder","createLayoutConfig"],"fullName":" cytoscape-builder createLayoutConfig should return COSE layout when no pathFilter provided","status":"passed","title":"should return COSE layout when no pathFilter provided","duration":0,"failureMessages":[]},{"ancestorTitles":["","cytoscape-builder","createLayoutConfig"],"fullName":" cytoscape-builder createLayoutConfig should return preset layout when pathFilter provided","status":"passed","title":"should return preset layout when pathFilter provided","duration":3,"failureMessages":[]},{"ancestorTitles":["","cytoscape-builder","createLayoutConfig"],"fullName":" cytoscape-builder createLayoutConfig should use custom dimensions for preset layout","status":"passed","title":"should use custom dimensions for preset layout","duration":1,"failureMessages":[]}],"startTime":1765810591585,"endTime":1765810591600,"status":"passed","message":"","name":"C:/Development/fbs-graph/web/tests/cytoscape-builder.test.ts"},{"assertionResults":[{"ancestorTitles":["","Debug: Minnesota → Notre Dame Path Analysis"],"fullName":" Debug: Minnesota → Notre Dame Path Analysis shows why Oregon-USC path is preferred over Purdue with equal leverage","status":"passed","title":"shows why Oregon-USC path is preferred over Purdue with equal leverage","duration":2,"failureMessages":[]},{"ancestorTitles":["","Debug: Minnesota → Notre Dame Path Analysis"],"fullName":" Debug: Minnesota → Notre Dame Path Analysis shows Purdue path preferred when it has higher leverage","status":"passed","title":"shows Purdue path preferred when it has higher leverage","duration":2,"failureMessages":[]},{"ancestorTitles":["","Debug: Minnesota → Notre Dame Path Analysis"],"fullName":" Debug: Minnesota → Notre Dame Path Analysis shows Oregon-USC path preferred when it has higher cumulative leverage","status":"passed","title":"shows Oregon-USC path preferred when it has higher cumulative leverage","duration":0,"failureMessages":[]},{"ancestorTitles":["","Debug: Minnesota → Notre Dame Path Analysis"],"fullName":" Debug: Minnesota → Notre Dame Path Analysis reproduces the actual browser behavior from user data","status":"passed","title":"reproduces the actual browser behavior from user data","duration":1,"failureMessages":[]}],"startTime":1765810591574,"endTime":1765810591579,"status":"passed","message":"","name":"C:/Development/fbs-graph/web/tests/debug-minnesota-notre-dame-path.test.ts"},{"assertionResults":[{"ancestorTitles":["","graph-data","Query constants"],"fullName":" graph-data Query constants should export GRAPH_QUERY","status":"passed","title":"should export GRAPH_QUERY","duration":3,"failureMessages":[]},{"ancestorTitles":["","graph-data","Query constants"],"fullName":" graph-data Query constants should export CONFERENCES_QUERY","status":"passed","title":"should export CONFERENCES_QUERY","duration":0,"failureMessages":[]},{"ancestorTitles":["","graph-data","graphqlPost"],"fullName":" graph-data graphqlPost should make POST request with correct headers","status":"passed","title":"should make POST request with correct headers","duration":2,"failureMessages":[]},{"ancestorTitles":["","graph-data","graphqlPost"],"fullName":" graph-data graphqlPost should return parsed JSON response","status":"passed","title":"should return parsed JSON response","duration":1,"failureMessages":[]},{"ancestorTitles":["","graph-data","loadGraphData"],"fullName":" graph-data loadGraphData should load data from static adapter when available","status":"passed","title":"should load data from static adapter when available","duration":1,"failureMessages":[]},{"ancestorTitles":["","graph-data","loadGraphData"],"fullName":" graph-data loadGraphData should fallback to GraphQL when static adapter fails","status":"passed","title":"should fallback to GraphQL when static adapter fails","duration":9,"failureMessages":[]},{"ancestorTitles":["","graph-data","loadGraphData"],"fullName":" graph-data loadGraphData should use GraphQL when no static adapter provided","status":"passed","title":"should use GraphQL when no static adapter provided","duration":0,"failureMessages":[]},{"ancestorTitles":["","graph-data","loadGraphData"],"fullName":" graph-data loadGraphData should throw error when no data source available","status":"passed","title":"should throw error when no data source available","duration":2,"failureMessages":[]},{"ancestorTitles":["","graph-data","loadGraphData"],"fullName":" graph-data loadGraphData should throw error on GraphQL errors","status":"passed","title":"should throw error on GraphQL errors","duration":0,"failureMessages":[]},{"ancestorTitles":["","graph-data","loadGraphData"],"fullName":" graph-data loadGraphData should throw error when GraphQL response missing data","status":"passed","title":"should throw error when GraphQL response missing data","duration":1,"failureMessages":[]},{"ancestorTitles":["","graph-data","loadGraphData"],"fullName":" graph-data loadGraphData should handle empty teams and games arrays","status":"passed","title":"should handle empty teams and games arrays","duration":0,"failureMessages":[]},{"ancestorTitles":["","graph-data","loadConferences"],"fullName":" graph-data loadConferences should load conferences from static adapter when available","status":"passed","title":"should load conferences from static adapter when available","duration":0,"failureMessages":[]},{"ancestorTitles":["","graph-data","loadConferences"],"fullName":" graph-data loadConferences should fallback to GraphQL when static adapter fails","status":"passed","title":"should fallback to GraphQL when static adapter fails","duration":1,"failureMessages":[]},{"ancestorTitles":["","graph-data","loadConferences"],"fullName":" graph-data loadConferences should use GraphQL when no static adapter provided","status":"passed","title":"should use GraphQL when no static adapter provided","duration":0,"failureMessages":[]},{"ancestorTitles":["","graph-data","loadConferences"],"fullName":" graph-data loadConferences should throw error when no data source available","status":"passed","title":"should throw error when no data source available","duration":0,"failureMessages":[]},{"ancestorTitles":["","graph-data","loadConferences"],"fullName":" graph-data loadConferences should throw error on GraphQL errors","status":"passed","title":"should throw error on GraphQL errors","duration":1,"failureMessages":[]},{"ancestorTitles":["","graph-data","loadAllData"],"fullName":" graph-data loadAllData should load both conferences and graph data from static adapter","status":"passed","title":"should load both conferences and graph data from static adapter","duration":0,"failureMessages":[]},{"ancestorTitles":["","graph-data","loadAllData"],"fullName":" graph-data loadAllData should load both from GraphQL when no static adapter","status":"passed","title":"should load both from GraphQL when no static adapter","duration":0,"failureMessages":[]},{"ancestorTitles":["","graph-data","loadAllData"],"fullName":" graph-data loadAllData should handle mixed sources (conferences from adapter, graph from GraphQL)","status":"passed","title":"should handle mixed sources (conferences from adapter, graph from GraphQL)","duration":1,"failureMessages":[]},{"ancestorTitles":["","graph-data","loadAllData"],"fullName":" graph-data loadAllData should throw error if either load fails","status":"passed","title":"should throw error if either load fails","duration":0,"failureMessages":[]}],"startTime":1765810591580,"endTime":1765810591602,"status":"passed","message":"","name":"C:/Development/fbs-graph/web/tests/graph-data.test.ts"},{"assertionResults":[{"ancestorTitles":["","Path Finder - Graph Algorithms","edgeKey"],"fullName":" Path Finder - Graph Algorithms edgeKey should create consistent keys regardless of order","status":"passed","title":"should create consistent keys regardless of order","duration":2,"failureMessages":[]},{"ancestorTitles":["","Path Finder - Graph Algorithms","edgeKey"],"fullName":" Path Finder - Graph Algorithms edgeKey should create alphabetically sorted keys","status":"passed","title":"should create alphabetically sorted keys","duration":0,"failureMessages":[]},{"ancestorTitles":["","Path Finder - Graph Algorithms","buildAdjacencyList"],"fullName":" Path Finder - Graph Algorithms buildAdjacencyList should build bidirectional adjacency list from games","status":"passed","title":"should build bidirectional adjacency list from games","duration":2,"failureMessages":[]},{"ancestorTitles":["","Path Finder - Graph Algorithms","buildAdjacencyList"],"fullName":" Path Finder - Graph Algorithms buildAdjacencyList should filter by game type","status":"passed","title":"should filter by game type","duration":1,"failureMessages":[]},{"ancestorTitles":["","Path Finder - Graph Algorithms","buildAdjacencyList"],"fullName":" Path Finder - Graph Algorithms buildAdjacencyList should filter by minimum leverage","status":"passed","title":"should filter by minimum leverage","duration":1,"failureMessages":[]},{"ancestorTitles":["","Path Finder - Graph Algorithms","shortestPathByInverseLeverage"],"fullName":" Path Finder - Graph Algorithms shortestPathByInverseLeverage should find direct path when teams are connected","status":"passed","title":"should find direct path when teams are connected","duration":1,"failureMessages":[]},{"ancestorTitles":["","Path Finder - Graph Algorithms","shortestPathByInverseLeverage"],"fullName":" Path Finder - Graph Algorithms shortestPathByInverseLeverage should find multi-hop path when needed","status":"passed","title":"should find multi-hop path when needed","duration":1,"failureMessages":[]},{"ancestorTitles":["","Path Finder - Graph Algorithms","shortestPathByInverseLeverage"],"fullName":" Path Finder - Graph Algorithms shortestPathByInverseLeverage should prefer high-leverage paths","status":"passed","title":"should prefer high-leverage paths","duration":0,"failureMessages":[]},{"ancestorTitles":["","Path Finder - Graph Algorithms","shortestPathByInverseLeverage"],"fullName":" Path Finder - Graph Algorithms shortestPathByInverseLeverage should return null when no path exists","status":"passed","title":"should return null when no path exists","duration":0,"failureMessages":[]},{"ancestorTitles":["","Path Finder - Graph Algorithms","shortestPathByInverseLeverage"],"fullName":" Path Finder - Graph Algorithms shortestPathByInverseLeverage should respect type filter","status":"passed","title":"should respect type filter","duration":0,"failureMessages":[]},{"ancestorTitles":["","Path Finder - Graph Algorithms","shortestPathByInverseLeverage"],"fullName":" Path Finder - Graph Algorithms shortestPathByInverseLeverage should respect minimum leverage filter","status":"passed","title":"should respect minimum leverage filter","duration":1,"failureMessages":[]},{"ancestorTitles":["","Path Finder - Graph Algorithms","findNodesWithinDegrees"],"fullName":" Path Finder - Graph Algorithms findNodesWithinDegrees should find direct matchup at degree 1","status":"passed","title":"should find direct matchup at degree 1","duration":0,"failureMessages":[]},{"ancestorTitles":["","Path Finder - Graph Algorithms","findNodesWithinDegrees"],"fullName":" Path Finder - Graph Algorithms findNodesWithinDegrees should find common opponents at degree 1","status":"passed","title":"should find common opponents at degree 1","duration":1,"failureMessages":[]},{"ancestorTitles":["","Path Finder - Graph Algorithms","findNodesWithinDegrees"],"fullName":" Path Finder - Graph Algorithms findNodesWithinDegrees should include shortest path nodes when provided","status":"passed","title":"should include shortest path nodes when provided","duration":0,"failureMessages":[]},{"ancestorTitles":["","Path Finder - Graph Algorithms","findNodesWithinDegrees"],"fullName":" Path Finder - Graph Algorithms findNodesWithinDegrees should assign correct degrees based on distance from source","status":"passed","title":"should assign correct degrees based on distance from source","duration":1,"failureMessages":[]},{"ancestorTitles":["","Path Finder - Graph Algorithms","findNodesWithinDegrees"],"fullName":" Path Finder - Graph Algorithms findNodesWithinDegrees should return source and destination properties","status":"passed","title":"should return source and destination properties","duration":0,"failureMessages":[]}],"startTime":1765810591574,"endTime":1765810591585,"status":"passed","message":"","name":"C:/Development/fbs-graph/web/tests/graph-path-finder.test.ts"},{"assertionResults":[{"ancestorTitles":["","graph-ui","showEdgeGames"],"fullName":" graph-ui showEdgeGames should display games for an edge","status":"passed","title":"should display games for an edge","duration":96,"failureMessages":[]},{"ancestorTitles":["","graph-ui","showEdgeGames"],"fullName":" graph-ui showEdgeGames should handle empty games array","status":"passed","title":"should handle empty games array","duration":4,"failureMessages":[]},{"ancestorTitles":["","graph-ui","showEdgeGames"],"fullName":" graph-ui showEdgeGames should handle custom container ID","status":"passed","title":"should handle custom container ID","duration":4,"failureMessages":[]},{"ancestorTitles":["","graph-ui","showEdgeGames"],"fullName":" graph-ui showEdgeGames should handle missing container gracefully","status":"passed","title":"should handle missing container gracefully","duration":5,"failureMessages":[]},{"ancestorTitles":["","graph-ui","showEdgeGames"],"fullName":" graph-ui showEdgeGames should sort games by date","status":"passed","title":"should sort games by date","duration":8,"failureMessages":[]},{"ancestorTitles":["","graph-ui","buildLegend"],"fullName":" graph-ui buildLegend should build legend from teams data","status":"passed","title":"should build legend from teams data","duration":20,"failureMessages":[]},{"ancestorTitles":["","graph-ui","buildLegend"],"fullName":" graph-ui buildLegend should handle teams without conferences","status":"passed","title":"should handle teams without conferences","duration":5,"failureMessages":[]},{"ancestorTitles":["","graph-ui","buildLegend"],"fullName":" graph-ui buildLegend should sort legend entries alphabetically","status":"passed","title":"should sort legend entries alphabetically","duration":6,"failureMessages":[]},{"ancestorTitles":["","graph-ui","buildLegend"],"fullName":" graph-ui buildLegend should handle missing container gracefully","status":"passed","title":"should handle missing container gracefully","duration":4,"failureMessages":[]},{"ancestorTitles":["","graph-ui","buildSelectors"],"fullName":" graph-ui buildSelectors should populate team selectors","status":"passed","title":"should populate team selectors","duration":5,"failureMessages":[]},{"ancestorTitles":["","graph-ui","buildSelectors"],"fullName":" graph-ui buildSelectors should sort teams alphabetically","status":"passed","title":"should sort teams alphabetically","duration":4,"failureMessages":[]},{"ancestorTitles":["","graph-ui","buildSelectors"],"fullName":" graph-ui buildSelectors should set default selections","status":"passed","title":"should set default selections","duration":3,"failureMessages":[]},{"ancestorTitles":["","graph-ui","buildSelectors"],"fullName":" graph-ui buildSelectors should use custom default selections","status":"passed","title":"should use custom default selections","duration":3,"failureMessages":[]},{"ancestorTitles":["","graph-ui","buildSelectors"],"fullName":" graph-ui buildSelectors should handle missing selectors gracefully","status":"passed","title":"should handle missing selectors gracefully","duration":3,"failureMessages":[]},{"ancestorTitles":["","graph-ui","buildSelectors"],"fullName":" graph-ui buildSelectors should auto-trigger button click when enabled","status":"passed","title":"should auto-trigger button click when enabled","duration":5,"failureMessages":[]},{"ancestorTitles":["","graph-ui","buildSelectors"],"fullName":" graph-ui buildSelectors should not auto-trigger when disabled","status":"passed","title":"should not auto-trigger when disabled","duration":3,"failureMessages":[]}],"startTime":1765810592368,"endTime":1765810592546,"status":"passed","message":"","name":"C:/Development/fbs-graph/web/tests/graph-ui.test.ts"},{"assertionResults":[{"ancestorTitles":["","Layout Pattern Validation","Content Wrapper Pattern (Simple Pages)"],"fullName":" Layout Pattern Validation Content Wrapper Pattern (Simple Pages) index.html should have content-wrapper div","status":"passed","title":"index.html should have content-wrapper div","duration":2,"failureMessages":[]},{"ancestorTitles":["","Layout Pattern Validation","Content Wrapper Pattern (Simple Pages)"],"fullName":" Layout Pattern Validation Content Wrapper Pattern (Simple Pages) index.html should NOT have body margin-left override","status":"passed","title":"index.html should NOT have body margin-left override","duration":0,"failureMessages":[]},{"ancestorTitles":["","Layout Pattern Validation","Content Wrapper Pattern (Simple Pages)"],"fullName":" Layout Pattern Validation Content Wrapper Pattern (Simple Pages) playoff-preview.html should have content-wrapper div","status":"passed","title":"playoff-preview.html should have content-wrapper div","duration":0,"failureMessages":[]},{"ancestorTitles":["","Layout Pattern Validation","Content Wrapper Pattern (Simple Pages)"],"fullName":" Layout Pattern Validation Content Wrapper Pattern (Simple Pages) playoff-preview.html should NOT have body margin-left override","status":"passed","title":"playoff-preview.html should NOT have body margin-left override","duration":0,"failureMessages":[]},{"ancestorTitles":["","Layout Pattern Validation","Content Wrapper Pattern (Simple Pages)"],"fullName":" Layout Pattern Validation Content Wrapper Pattern (Simple Pages) rankings.html should have content-wrapper div","status":"passed","title":"rankings.html should have content-wrapper div","duration":1,"failureMessages":[]},{"ancestorTitles":["","Layout Pattern Validation","Content Wrapper Pattern (Simple Pages)"],"fullName":" Layout Pattern Validation Content Wrapper Pattern (Simple Pages) rankings.html should NOT have body margin-left override","status":"passed","title":"rankings.html should NOT have body margin-left override","duration":0,"failureMessages":[]},{"ancestorTitles":["","Layout Pattern Validation","Body Margin Pattern (Visualizer Pages)"],"fullName":" Layout Pattern Validation Body Margin Pattern (Visualizer Pages) matchup-timeline.html should NOT have content-wrapper div","status":"passed","title":"matchup-timeline.html should NOT have content-wrapper div","duration":0,"failureMessages":[]},{"ancestorTitles":["","Layout Pattern Validation","Body Margin Pattern (Visualizer Pages)"],"fullName":" Layout Pattern Validation Body Margin Pattern (Visualizer Pages) matchup-timeline.html should have body margin-left override","status":"passed","title":"matchup-timeline.html should have body margin-left override","duration":1,"failureMessages":[]},{"ancestorTitles":["","Layout Pattern Validation","Body Margin Pattern (Visualizer Pages)"],"fullName":" Layout Pattern Validation Body Margin Pattern (Visualizer Pages) matchup-timeline.html should have body.nav-collapsed margin reset","status":"passed","title":"matchup-timeline.html should have body.nav-collapsed margin reset","duration":0,"failureMessages":[]},{"ancestorTitles":["","Layout Pattern Validation","Body Margin Pattern (Visualizer Pages)"],"fullName":" Layout Pattern Validation Body Margin Pattern (Visualizer Pages) matchup-timeline.html should have transition on body for smooth nav toggle","status":"passed","title":"matchup-timeline.html should have transition on body for smooth nav toggle","duration":0,"failureMessages":[]},{"ancestorTitles":["","Layout Pattern Validation","Body Margin Pattern (Visualizer Pages)"],"fullName":" Layout Pattern Validation Body Margin Pattern (Visualizer Pages) fbs-graph-timeline-explorer.html should NOT have content-wrapper div","status":"passed","title":"fbs-graph-timeline-explorer.html should NOT have content-wrapper div","duration":1,"failureMessages":[]},{"ancestorTitles":["","Layout Pattern Validation","Body Margin Pattern (Visualizer Pages)"],"fullName":" Layout Pattern Validation Body Margin Pattern (Visualizer Pages) fbs-graph-timeline-explorer.html should have body margin-left override","status":"passed","title":"fbs-graph-timeline-explorer.html should have body margin-left override","duration":0,"failureMessages":[]},{"ancestorTitles":["","Layout Pattern Validation","Body Margin Pattern (Visualizer Pages)"],"fullName":" Layout Pattern Validation Body Margin Pattern (Visualizer Pages) fbs-graph-timeline-explorer.html should have body.nav-collapsed margin reset","status":"passed","title":"fbs-graph-timeline-explorer.html should have body.nav-collapsed margin reset","duration":0,"failureMessages":[]},{"ancestorTitles":["","Layout Pattern Validation","Body Margin Pattern (Visualizer Pages)"],"fullName":" Layout Pattern Validation Body Margin Pattern (Visualizer Pages) fbs-graph-timeline-explorer.html should have transition on body for smooth nav toggle","status":"passed","title":"fbs-graph-timeline-explorer.html should have transition on body for smooth nav toggle","duration":0,"failureMessages":[]},{"ancestorTitles":["","Layout Pattern Validation","Body Margin Pattern (Visualizer Pages)"],"fullName":" Layout Pattern Validation Body Margin Pattern (Visualizer Pages) fbs-graph-visualizer.html should NOT have content-wrapper div","status":"passed","title":"fbs-graph-visualizer.html should NOT have content-wrapper div","duration":0,"failureMessages":[]},{"ancestorTitles":["","Layout Pattern Validation","Body Margin Pattern (Visualizer Pages)"],"fullName":" Layout Pattern Validation Body Margin Pattern (Visualizer Pages) fbs-graph-visualizer.html should have body margin-left override","status":"passed","title":"fbs-graph-visualizer.html should have body margin-left override","duration":0,"failureMessages":[]},{"ancestorTitles":["","Layout Pattern Validation","Body Margin Pattern (Visualizer Pages)"],"fullName":" Layout Pattern Validation Body Margin Pattern (Visualizer Pages) fbs-graph-visualizer.html should have body.nav-collapsed margin reset","status":"passed","title":"fbs-graph-visualizer.html should have body.nav-collapsed margin reset","duration":1,"failureMessages":[]},{"ancestorTitles":["","Layout Pattern Validation","Body Margin Pattern (Visualizer Pages)"],"fullName":" Layout Pattern Validation Body Margin Pattern (Visualizer Pages) fbs-graph-visualizer.html should have transition on body for smooth nav toggle","status":"passed","title":"fbs-graph-visualizer.html should have transition on body for smooth nav toggle","duration":0,"failureMessages":[]},{"ancestorTitles":["","Layout Pattern Validation","Navigation Module Integration"],"fullName":" Layout Pattern Validation Navigation Module Integration index.html should import shared-nav module","status":"passed","title":"index.html should import shared-nav module","duration":0,"failureMessages":[]},{"ancestorTitles":["","Layout Pattern Validation","Navigation Module Integration"],"fullName":" Layout Pattern Validation Navigation Module Integration index.html should call initNavigation with correct page identifier","status":"passed","title":"index.html should call initNavigation with correct page identifier","duration":0,"failureMessages":[]},{"ancestorTitles":["","Layout Pattern Validation","Navigation Module Integration"],"fullName":" Layout Pattern Validation Navigation Module Integration index.html should use ES6 module script type","status":"passed","title":"index.html should use ES6 module script type","duration":1,"failureMessages":[]},{"ancestorTitles":["","Layout Pattern Validation","Navigation Module Integration"],"fullName":" Layout Pattern Validation Navigation Module Integration playoff-preview.html should import shared-nav module","status":"passed","title":"playoff-preview.html should import shared-nav module","duration":0,"failureMessages":[]},{"ancestorTitles":["","Layout Pattern Validation","Navigation Module Integration"],"fullName":" Layout Pattern Validation Navigation Module Integration playoff-preview.html should call initNavigation with correct page identifier","status":"passed","title":"playoff-preview.html should call initNavigation with correct page identifier","duration":0,"failureMessages":[]},{"ancestorTitles":["","Layout Pattern Validation","Navigation Module Integration"],"fullName":" Layout Pattern Validation Navigation Module Integration playoff-preview.html should use ES6 module script type","status":"passed","title":"playoff-preview.html should use ES6 module script type","duration":0,"failureMessages":[]},{"ancestorTitles":["","Layout Pattern Validation","Navigation Module Integration"],"fullName":" Layout Pattern Validation Navigation Module Integration rankings.html should import shared-nav module","status":"passed","title":"rankings.html should import shared-nav module","duration":0,"failureMessages":[]},{"ancestorTitles":["","Layout Pattern Validation","Navigation Module Integration"],"fullName":" Layout Pattern Validation Navigation Module Integration rankings.html should call initNavigation with correct page identifier","status":"passed","title":"rankings.html should call initNavigation with correct page identifier","duration":0,"failureMessages":[]},{"ancestorTitles":["","Layout Pattern Validation","Navigation Module Integration"],"fullName":" Layout Pattern Validation Navigation Module Integration rankings.html should use ES6 module script type","status":"passed","title":"rankings.html should use ES6 module script type","duration":0,"failureMessages":[]},{"ancestorTitles":["","Layout Pattern Validation","Navigation Module Integration"],"fullName":" Layout Pattern Validation Navigation Module Integration matchup-timeline.html should import shared-nav module","status":"passed","title":"matchup-timeline.html should import shared-nav module","duration":1,"failureMessages":[]},{"ancestorTitles":["","Layout Pattern Validation","Navigation Module Integration"],"fullName":" Layout Pattern Validation Navigation Module Integration matchup-timeline.html should call initNavigation with correct page identifier","status":"passed","title":"matchup-timeline.html should call initNavigation with correct page identifier","duration":0,"failureMessages":[]},{"ancestorTitles":["","Layout Pattern Validation","Navigation Module Integration"],"fullName":" Layout Pattern Validation Navigation Module Integration matchup-timeline.html should use ES6 module script type","status":"passed","title":"matchup-timeline.html should use ES6 module script type","duration":0,"failureMessages":[]},{"ancestorTitles":["","Layout Pattern Validation","Navigation Module Integration"],"fullName":" Layout Pattern Validation Navigation Module Integration fbs-graph-timeline-explorer.html should import shared-nav module","status":"passed","title":"fbs-graph-timeline-explorer.html should import shared-nav module","duration":0,"failureMessages":[]},{"ancestorTitles":["","Layout Pattern Validation","Navigation Module Integration"],"fullName":" Layout Pattern Validation Navigation Module Integration fbs-graph-timeline-explorer.html should call initNavigation with correct page identifier","status":"passed","title":"fbs-graph-timeline-explorer.html should call initNavigation with correct page identifier","duration":0,"failureMessages":[]},{"ancestorTitles":["","Layout Pattern Validation","Navigation Module Integration"],"fullName":" Layout Pattern Validation Navigation Module Integration fbs-graph-timeline-explorer.html should use ES6 module script type","status":"passed","title":"fbs-graph-timeline-explorer.html should use ES6 module script type","duration":0,"failureMessages":[]},{"ancestorTitles":["","Layout Pattern Validation","Navigation Module Integration"],"fullName":" Layout Pattern Validation Navigation Module Integration fbs-graph-visualizer.html should import shared-nav module","status":"passed","title":"fbs-graph-visualizer.html should import shared-nav module","duration":0,"failureMessages":[]},{"ancestorTitles":["","Layout Pattern Validation","Navigation Module Integration"],"fullName":" Layout Pattern Validation Navigation Module Integration fbs-graph-visualizer.html should call initNavigation with correct page identifier","status":"passed","title":"fbs-graph-visualizer.html should call initNavigation with correct page identifier","duration":1,"failureMessages":[]},{"ancestorTitles":["","Layout Pattern Validation","Navigation Module Integration"],"fullName":" Layout Pattern Validation Navigation Module Integration fbs-graph-visualizer.html should use ES6 module script type","status":"passed","title":"fbs-graph-visualizer.html should use ES6 module script type","duration":0,"failureMessages":[]},{"ancestorTitles":["","Layout Pattern Validation","CSS Link Order and Dependencies"],"fullName":" Layout Pattern Validation CSS Link Order and Dependencies index.html should include common-theme.css before shared-nav.css","status":"passed","title":"index.html should include common-theme.css before shared-nav.css","duration":0,"failureMessages":[]},{"ancestorTitles":["","Layout Pattern Validation","CSS Link Order and Dependencies"],"fullName":" Layout Pattern Validation CSS Link Order and Dependencies playoff-preview.html should include common-theme.css before shared-nav.css","status":"passed","title":"playoff-preview.html should include common-theme.css before shared-nav.css","duration":0,"failureMessages":[]},{"ancestorTitles":["","Layout Pattern Validation","CSS Link Order and Dependencies"],"fullName":" Layout Pattern Validation CSS Link Order and Dependencies rankings.html should include common-theme.css before shared-nav.css","status":"passed","title":"rankings.html should include common-theme.css before shared-nav.css","duration":0,"failureMessages":[]},{"ancestorTitles":["","Layout Pattern Validation","CSS Link Order and Dependencies"],"fullName":" Layout Pattern Validation CSS Link Order and Dependencies matchup-timeline.html should include common-theme.css before shared-nav.css","status":"passed","title":"matchup-timeline.html should include common-theme.css before shared-nav.css","duration":0,"failureMessages":[]},{"ancestorTitles":["","Layout Pattern Validation","CSS Link Order and Dependencies"],"fullName":" Layout Pattern Validation CSS Link Order and Dependencies fbs-graph-timeline-explorer.html should include common-theme.css before shared-nav.css","status":"passed","title":"fbs-graph-timeline-explorer.html should include common-theme.css before shared-nav.css","duration":1,"failureMessages":[]},{"ancestorTitles":["","Layout Pattern Validation","CSS Link Order and Dependencies"],"fullName":" Layout Pattern Validation CSS Link Order and Dependencies fbs-graph-visualizer.html should include common-theme.css before shared-nav.css","status":"passed","title":"fbs-graph-visualizer.html should include common-theme.css before shared-nav.css","duration":0,"failureMessages":[]},{"ancestorTitles":["","Layout Pattern Validation","DOM Structure Requirements"],"fullName":" Layout Pattern Validation DOM Structure Requirements visualizer pages should have main as direct body child","status":"passed","title":"visualizer pages should have main as direct body child","duration":0,"failureMessages":[]},{"ancestorTitles":["","Layout Pattern Validation","DOM Structure Requirements"],"fullName":" Layout Pattern Validation DOM Structure Requirements simple pages should have content nested inside content-wrapper","status":"passed","title":"simple pages should have content nested inside content-wrapper","duration":1,"failureMessages":[]},{"ancestorTitles":["","Layout Pattern Validation","Navigation Constants"],"fullName":" Layout Pattern Validation Navigation Constants all pages should use 220px as navigation width","status":"passed","title":"all pages should use 220px as navigation width","duration":0,"failureMessages":[]},{"ancestorTitles":["","Layout Pattern Validation","Navigation Constants"],"fullName":" Layout Pattern Validation Navigation Constants all pages should use 0.3s as transition duration","status":"passed","title":"all pages should use 0.3s as transition duration","duration":0,"failureMessages":[]},{"ancestorTitles":["","Layout Pattern Validation","Accessibility and Semantic HTML"],"fullName":" Layout Pattern Validation Accessibility and Semantic HTML index.html should have proper DOCTYPE","status":"passed","title":"index.html should have proper DOCTYPE","duration":0,"failureMessages":[]},{"ancestorTitles":["","Layout Pattern Validation","Accessibility and Semantic HTML"],"fullName":" Layout Pattern Validation Accessibility and Semantic HTML index.html should have html, head, and body elements","status":"passed","title":"index.html should have html, head, and body elements","duration":0,"failureMessages":[]},{"ancestorTitles":["","Layout Pattern Validation","Accessibility and Semantic HTML"],"fullName":" Layout Pattern Validation Accessibility and Semantic HTML index.html should have a title element","status":"passed","title":"index.html should have a title element","duration":0,"failureMessages":[]},{"ancestorTitles":["","Layout Pattern Validation","Accessibility and Semantic HTML"],"fullName":" Layout Pattern Validation Accessibility and Semantic HTML playoff-preview.html should have proper DOCTYPE","status":"passed","title":"playoff-preview.html should have proper DOCTYPE","duration":1,"failureMessages":[]},{"ancestorTitles":["","Layout Pattern Validation","Accessibility and Semantic HTML"],"fullName":" Layout Pattern Validation Accessibility and Semantic HTML playoff-preview.html should have html, head, and body elements","status":"passed","title":"playoff-preview.html should have html, head, and body elements","duration":0,"failureMessages":[]},{"ancestorTitles":["","Layout Pattern Validation","Accessibility and Semantic HTML"],"fullName":" Layout Pattern Validation Accessibility and Semantic HTML playoff-preview.html should have a title element","status":"passed","title":"playoff-preview.html should have a title element","duration":0,"failureMessages":[]},{"ancestorTitles":["","Layout Pattern Validation","Accessibility and Semantic HTML"],"fullName":" Layout Pattern Validation Accessibility and Semantic HTML rankings.html should have proper DOCTYPE","status":"passed","title":"rankings.html should have proper DOCTYPE","duration":0,"failureMessages":[]},{"ancestorTitles":["","Layout Pattern Validation","Accessibility and Semantic HTML"],"fullName":" Layout Pattern Validation Accessibility and Semantic HTML rankings.html should have html, head, and body elements","status":"passed","title":"rankings.html should have html, head, and body elements","duration":0,"failureMessages":[]},{"ancestorTitles":["","Layout Pattern Validation","Accessibility and Semantic HTML"],"fullName":" Layout Pattern Validation Accessibility and Semantic HTML rankings.html should have a title element","status":"passed","title":"rankings.html should have a title element","duration":0,"failureMessages":[]},{"ancestorTitles":["","Layout Pattern Validation","Accessibility and Semantic HTML"],"fullName":" Layout Pattern Validation Accessibility and Semantic HTML matchup-timeline.html should have proper DOCTYPE","status":"passed","title":"matchup-timeline.html should have proper DOCTYPE","duration":0,"failureMessages":[]},{"ancestorTitles":["","Layout Pattern Validation","Accessibility and Semantic HTML"],"fullName":" Layout Pattern Validation Accessibility and Semantic HTML matchup-timeline.html should have html, head, and body elements","status":"passed","title":"matchup-timeline.html should have html, head, and body elements","duration":0,"failureMessages":[]},{"ancestorTitles":["","Layout Pattern Validation","Accessibility and Semantic HTML"],"fullName":" Layout Pattern Validation Accessibility and Semantic HTML matchup-timeline.html should have a title element","status":"passed","title":"matchup-timeline.html should have a title element","duration":0,"failureMessages":[]},{"ancestorTitles":["","Layout Pattern Validation","Accessibility and Semantic HTML"],"fullName":" Layout Pattern Validation Accessibility and Semantic HTML fbs-graph-timeline-explorer.html should have proper DOCTYPE","status":"passed","title":"fbs-graph-timeline-explorer.html should have proper DOCTYPE","duration":0,"failureMessages":[]},{"ancestorTitles":["","Layout Pattern Validation","Accessibility and Semantic HTML"],"fullName":" Layout Pattern Validation Accessibility and Semantic HTML fbs-graph-timeline-explorer.html should have html, head, and body elements","status":"passed","title":"fbs-graph-timeline-explorer.html should have html, head, and body elements","duration":1,"failureMessages":[]},{"ancestorTitles":["","Layout Pattern Validation","Accessibility and Semantic HTML"],"fullName":" Layout Pattern Validation Accessibility and Semantic HTML fbs-graph-timeline-explorer.html should have a title element","status":"passed","title":"fbs-graph-timeline-explorer.html should have a title element","duration":0,"failureMessages":[]},{"ancestorTitles":["","Layout Pattern Validation","Accessibility and Semantic HTML"],"fullName":" Layout Pattern Validation Accessibility and Semantic HTML fbs-graph-visualizer.html should have proper DOCTYPE","status":"passed","title":"fbs-graph-visualizer.html should have proper DOCTYPE","duration":0,"failureMessages":[]},{"ancestorTitles":["","Layout Pattern Validation","Accessibility and Semantic HTML"],"fullName":" Layout Pattern Validation Accessibility and Semantic HTML fbs-graph-visualizer.html should have html, head, and body elements","status":"passed","title":"fbs-graph-visualizer.html should have html, head, and body elements","duration":0,"failureMessages":[]},{"ancestorTitles":["","Layout Pattern Validation","Accessibility and Semantic HTML"],"fullName":" Layout Pattern Validation Accessibility and Semantic HTML fbs-graph-visualizer.html should have a title element","status":"passed","title":"fbs-graph-visualizer.html should have a title element","duration":0,"failureMessages":[]},{"ancestorTitles":["","Layout Pattern Validation","Script Loading Order"],"fullName":" Layout Pattern Validation Script Loading Order index.html should load navigation module after DOM content","status":"passed","title":"index.html should load navigation module after DOM content","duration":0,"failureMessages":[]},{"ancestorTitles":["","Layout Pattern Validation","Script Loading Order"],"fullName":" Layout Pattern Validation Script Loading Order playoff-preview.html should load navigation module after DOM content","status":"passed","title":"playoff-preview.html should load navigation module after DOM content","duration":0,"failureMessages":[]},{"ancestorTitles":["","Layout Pattern Validation","Script Loading Order"],"fullName":" Layout Pattern Validation Script Loading Order rankings.html should load navigation module after DOM content","status":"passed","title":"rankings.html should load navigation module after DOM content","duration":1,"failureMessages":[]},{"ancestorTitles":["","Layout Pattern Validation","Script Loading Order"],"fullName":" Layout Pattern Validation Script Loading Order matchup-timeline.html should load navigation module after DOM content","status":"passed","title":"matchup-timeline.html should load navigation module after DOM content","duration":0,"failureMessages":[]},{"ancestorTitles":["","Layout Pattern Validation","Script Loading Order"],"fullName":" Layout Pattern Validation Script Loading Order fbs-graph-timeline-explorer.html should load navigation module after DOM content","status":"passed","title":"fbs-graph-timeline-explorer.html should load navigation module after DOM content","duration":0,"failureMessages":[]},{"ancestorTitles":["","Layout Pattern Validation","Script Loading Order"],"fullName":" Layout Pattern Validation Script Loading Order fbs-graph-visualizer.html should load navigation module after DOM content","status":"passed","title":"fbs-graph-visualizer.html should load navigation module after DOM content","duration":0,"failureMessages":[]}],"startTime":1765810591580,"endTime":1765810591595,"status":"passed","message":"","name":"C:/Development/fbs-graph/web/tests/layout-behavior.test.ts"},{"assertionResults":[{"ancestorTitles":["","Matchup Timeline - Team Selection and Results","DOM Elements"],"fullName":" Matchup Timeline - Team Selection and Results DOM Elements should have required container elements","status":"passed","title":"should have required container elements","duration":56,"failureMessages":[]},{"ancestorTitles":["","Matchup Timeline - Team Selection and Results","DOM Elements"],"fullName":" Matchup Timeline - Team Selection and Results DOM Elements should have empty containers initially","status":"passed","title":"should have empty containers initially","duration":6,"failureMessages":[]},{"ancestorTitles":["","Matchup Timeline - Team Selection and Results","Timeline App Initialization"],"fullName":" Matchup Timeline - Team Selection and Results Timeline App Initialization should export createTimelineApp as default","status":"passed","title":"should export createTimelineApp as default","duration":6,"failureMessages":[]},{"ancestorTitles":["","Matchup Timeline - Team Selection and Results","Timeline App Initialization"],"fullName":" Matchup Timeline - Team Selection and Results Timeline App Initialization should define createTimelineApp function","status":"passed","title":"should define createTimelineApp function","duration":5,"failureMessages":[]},{"ancestorTitles":["","Matchup Timeline - Team Selection and Results","Timeline App Initialization"],"fullName":" Matchup Timeline - Team Selection and Results Timeline App Initialization should accept options parameter with document, window, and location","status":"passed","title":"should accept options parameter with document, window, and location","duration":5,"failureMessages":[]},{"ancestorTitles":["","Matchup Timeline - Team Selection and Results","State Management"],"fullName":" Matchup Timeline - Team Selection and Results State Management should initialize with required state properties","status":"passed","title":"should initialize with required state properties","duration":5,"failureMessages":[]},{"ancestorTitles":["","Matchup Timeline - Team Selection and Results","State Management"],"fullName":" Matchup Timeline - Team Selection and Results State Management should define updatePath function to calculate path between teams","status":"passed","title":"should define updatePath function to calculate path between teams","duration":5,"failureMessages":[]},{"ancestorTitles":["","Matchup Timeline - Team Selection and Results","State Management"],"fullName":" Matchup Timeline - Team Selection and Results State Management should populate segments when path exists between teams","status":"passed","title":"should populate segments when path exists between teams","duration":4,"failureMessages":[]},{"ancestorTitles":["","Matchup Timeline - Team Selection and Results","State Management"],"fullName":" Matchup Timeline - Team Selection and Results State Management should set segments to empty array when no path exists","status":"passed","title":"should set segments to empty array when no path exists","duration":5,"failureMessages":[]},{"ancestorTitles":["","Matchup Timeline - Team Selection and Results","State Management"],"fullName":" Matchup Timeline - Team Selection and Results State Management should create summary with programs, hops, and leverage metrics","status":"passed","title":"should create summary with programs, hops, and leverage metrics","duration":6,"failureMessages":[]},{"ancestorTitles":["","Matchup Timeline - Team Selection and Results","Team Selection Logic"],"fullName":" Matchup Timeline - Team Selection and Results Team Selection Logic should define getTeamsForScope function","status":"passed","title":"should define getTeamsForScope function","duration":5,"failureMessages":[]},{"ancestorTitles":["","Matchup Timeline - Team Selection and Results","Team Selection Logic"],"fullName":" Matchup Timeline - Team Selection and Results Team Selection Logic should filter teams by conference scope","status":"passed","title":"should filter teams by conference scope","duration":5,"failureMessages":[]},{"ancestorTitles":["","Matchup Timeline - Team Selection and Results","Team Selection Logic"],"fullName":" Matchup Timeline - Team Selection and Results Team Selection Logic should create team select dropdowns with options","status":"passed","title":"should create team select dropdowns with options","duration":5,"failureMessages":[]},{"ancestorTitles":["","Matchup Timeline - Team Selection and Results","Team Selection Logic"],"fullName":" Matchup Timeline - Team Selection and Results Team Selection Logic should handle team selection change events","status":"passed","title":"should handle team selection change events","duration":5,"failureMessages":[]},{"ancestorTitles":["","Matchup Timeline - Team Selection and Results","Team Selection Logic"],"fullName":" Matchup Timeline - Team Selection and Results Team Selection Logic should apply state changes and update path","status":"passed","title":"should apply state changes and update path","duration":4,"failureMessages":[]},{"ancestorTitles":["","Matchup Timeline - Team Selection and Results","Results Validation"],"fullName":" Matchup Timeline - Team Selection and Results Results Validation should call findShortestPath with startTeam and endTeam","status":"passed","title":"should call findShortestPath with startTeam and endTeam","duration":4,"failureMessages":[]},{"ancestorTitles":["","Matchup Timeline - Team Selection and Results","Results Validation"],"fullName":" Matchup Timeline - Team Selection and Results Results Validation should return null path when teams are the same","status":"passed","title":"should return null path when teams are the same","duration":4,"failureMessages":[]},{"ancestorTitles":["","Matchup Timeline - Team Selection and Results","Results Validation"],"fullName":" Matchup Timeline - Team Selection and Results Results Validation should return null path when no connection exists","status":"passed","title":"should return null path when no connection exists","duration":4,"failureMessages":[]},{"ancestorTitles":["","Matchup Timeline - Team Selection and Results","Results Validation"],"fullName":" Matchup Timeline - Team Selection and Results Results Validation should populate segments with games when path exists","status":"passed","title":"should populate segments with games when path exists","duration":4,"failureMessages":[]},{"ancestorTitles":["","Matchup Timeline - Team Selection and Results","Results Validation"],"fullName":" Matchup Timeline - Team Selection and Results Results Validation should define segment structure with from, to, and games","status":"passed","title":"should define segment structure with from, to, and games","duration":5,"failureMessages":[]},{"ancestorTitles":["","Matchup Timeline - Team Selection and Results","Rendering Results"],"fullName":" Matchup Timeline - Team Selection and Results Rendering Results should render summary when path exists","status":"passed","title":"should render summary when path exists","duration":6,"failureMessages":[]},{"ancestorTitles":["","Matchup Timeline - Team Selection and Results","Rendering Results"],"fullName":" Matchup Timeline - Team Selection and Results Rendering Results should render leverage chain with programs","status":"passed","title":"should render leverage chain with programs","duration":4,"failureMessages":[]},{"ancestorTitles":["","Matchup Timeline - Team Selection and Results","Rendering Results"],"fullName":" Matchup Timeline - Team Selection and Results Rendering Results should render legend for segments","status":"passed","title":"should render legend for segments","duration":4,"failureMessages":[]},{"ancestorTitles":["","Matchup Timeline - Team Selection and Results","Rendering Results"],"fullName":" Matchup Timeline - Team Selection and Results Rendering Results should display empty state when no teams selected","status":"passed","title":"should display empty state when no teams selected","duration":3,"failureMessages":[]},{"ancestorTitles":["","Matchup Timeline - Team Selection and Results","Rendering Results"],"fullName":" Matchup Timeline - Team Selection and Results Rendering Results should display message when teams are not connected","status":"passed","title":"should display message when teams are not connected","duration":4,"failureMessages":[]},{"ancestorTitles":["","Matchup Timeline - Team Selection and Results","Rendering Results"],"fullName":" Matchup Timeline - Team Selection and Results Rendering Results should display message when same team selected","status":"passed","title":"should display message when same team selected","duration":4,"failureMessages":[]},{"ancestorTitles":["","Matchup Timeline - Team Selection and Results","Path Finding Algorithm"],"fullName":" Matchup Timeline - Team Selection and Results Path Finding Algorithm should define findShortestPath function","status":"passed","title":"should define findShortestPath function","duration":4,"failureMessages":[]},{"ancestorTitles":["","Matchup Timeline - Team Selection and Results","Path Finding Algorithm"],"fullName":" Matchup Timeline - Team Selection and Results Path Finding Algorithm should use Dijkstra algorithm with distance tracking","status":"passed","title":"should use Dijkstra algorithm with distance tracking","duration":5,"failureMessages":[]},{"ancestorTitles":["","Matchup Timeline - Team Selection and Results","Path Finding Algorithm"],"fullName":" Matchup Timeline - Team Selection and Results Path Finding Algorithm should return nodes, edges, and distance when path found","status":"passed","title":"should return nodes, edges, and distance when path found","duration":3,"failureMessages":[]},{"ancestorTitles":["","Matchup Timeline - Team Selection and Results","Path Finding Algorithm"],"fullName":" Matchup Timeline - Team Selection and Results Path Finding Algorithm should return null when no path exists to end node","status":"passed","title":"should return null when no path exists to end node","duration":4,"failureMessages":[]},{"ancestorTitles":["","Matchup Timeline - Team Selection and Results","Conference Scopes"],"fullName":" Matchup Timeline - Team Selection and Results Conference Scopes should define conference scope filters","status":"passed","title":"should define conference scope filters","duration":5,"failureMessages":[]},{"ancestorTitles":["","Matchup Timeline - Team Selection and Results","Conference Scopes"],"fullName":" Matchup Timeline - Team Selection and Results Conference Scopes should filter teams based on conference membership","status":"passed","title":"should filter teams based on conference membership","duration":4,"failureMessages":[]},{"ancestorTitles":["","Matchup Timeline - Team Selection and Results","Runtime Execution - Data Loading"],"fullName":" Matchup Timeline - Team Selection and Results Runtime Execution - Data Loading should render error message in DOM when data loading fails","status":"passed","title":"should render error message in DOM when data loading fails","duration":8,"failureMessages":[]},{"ancestorTitles":["","Matchup Timeline - Team Selection and Results","Runtime Execution - Data Loading"],"fullName":" Matchup Timeline - Team Selection and Results Runtime Execution - Data Loading should display specific error text in pathSummary when loading fails","status":"passed","title":"should display specific error text in pathSummary when loading fails","duration":4,"failureMessages":[]},{"ancestorTitles":["","Matchup Timeline - Team Selection and Results","Runtime Execution - Data Loading"],"fullName":" Matchup Timeline - Team Selection and Results Runtime Execution - Data Loading should display error in filters section when data fails to load","status":"passed","title":"should display error in filters section when data fails to load","duration":4,"failureMessages":[]},{"ancestorTitles":["","Matchup Timeline - Team Selection and Results","Runtime Execution - Data Loading"],"fullName":" Matchup Timeline - Team Selection and Results Runtime Execution - Data Loading should render loading state in pathSummary","status":"passed","title":"should render loading state in pathSummary","duration":6,"failureMessages":[]},{"ancestorTitles":["","Matchup Timeline - Team Selection and Results","Runtime Execution - Data Loading"],"fullName":" Matchup Timeline - Team Selection and Results Runtime Execution - Data Loading should render loading state in filters","status":"passed","title":"should render loading state in filters","duration":4,"failureMessages":[]},{"ancestorTitles":["","Matchup Timeline - Team Selection and Results","Layout Validation with Games"],"fullName":" Matchup Timeline - Team Selection and Results Layout Validation with Games should render expected layout when games exist and path is found","status":"passed","title":"should render expected layout when games exist and path is found","duration":4,"failureMessages":[]},{"ancestorTitles":["","Matchup Timeline - Team Selection and Results","Layout Validation with Games"],"fullName":" Matchup Timeline - Team Selection and Results Layout Validation with Games should have logic to display leverage chain when path exists","status":"passed","title":"should have logic to display leverage chain when path exists","duration":3,"failureMessages":[]},{"ancestorTitles":["","Matchup Timeline - Team Selection and Results","Layout Validation with Games"],"fullName":" Matchup Timeline - Team Selection and Results Layout Validation with Games should have logic to display segment legend when path has hops","status":"passed","title":"should have logic to display segment legend when path has hops","duration":4,"failureMessages":[]},{"ancestorTitles":["","Matchup Timeline - Team Selection and Results","Layout Validation with Games"],"fullName":" Matchup Timeline - Team Selection and Results Layout Validation with Games should have logic to render timeline with game cards","status":"passed","title":"should have logic to render timeline with game cards","duration":4,"failureMessages":[]},{"ancestorTitles":["","Matchup Timeline - Team Selection and Results","No Matching Games - Negative Tests"],"fullName":" Matchup Timeline - Team Selection and Results No Matching Games - Negative Tests should display message when teams are not connected","status":"passed","title":"should display message when teams are not connected","duration":4,"failureMessages":[]},{"ancestorTitles":["","Matchup Timeline - Team Selection and Results","No Matching Games - Negative Tests"],"fullName":" Matchup Timeline - Team Selection and Results No Matching Games - Negative Tests should set path to null when findShortestPath returns no result","status":"passed","title":"should set path to null when findShortestPath returns no result","duration":4,"failureMessages":[]},{"ancestorTitles":["","Matchup Timeline - Team Selection and Results","No Matching Games - Negative Tests"],"fullName":" Matchup Timeline - Team Selection and Results No Matching Games - Negative Tests should clear segments array when no path exists","status":"passed","title":"should clear segments array when no path exists","duration":3,"failureMessages":[]},{"ancestorTitles":["","Matchup Timeline - Team Selection and Results","No Matching Games - Negative Tests"],"fullName":" Matchup Timeline - Team Selection and Results No Matching Games - Negative Tests should not render legend when segments array is empty","status":"passed","title":"should not render legend when segments array is empty","duration":4,"failureMessages":[]},{"ancestorTitles":["","Matchup Timeline - Team Selection and Results","No Matching Games - Negative Tests"],"fullName":" Matchup Timeline - Team Selection and Results No Matching Games - Negative Tests should display alternative message when same team selected twice","status":"passed","title":"should display alternative message when same team selected twice","duration":4,"failureMessages":[]},{"ancestorTitles":["","Matchup Timeline - Team Selection and Results","No Matching Games - Negative Tests"],"fullName":" Matchup Timeline - Team Selection and Results No Matching Games - Negative Tests should handle empty upcoming games gracefully","status":"passed","title":"should handle empty upcoming games gracefully","duration":4,"failureMessages":[]},{"ancestorTitles":["","Matchup Timeline - Team Selection and Results","No Matching Games - Negative Tests"],"fullName":" Matchup Timeline - Team Selection and Results No Matching Games - Negative Tests should return empty teams list when no data loaded","status":"passed","title":"should return empty teams list when no data loaded","duration":3,"failureMessages":[]}],"startTime":1765810592359,"endTime":1765810592625,"status":"passed","message":"","name":"C:/Development/fbs-graph/web/tests/matchup-timeline.test.ts"},{"assertionResults":[{"ancestorTitles":["","Minnesota → Notre Dame Layout (3 degrees)"],"fullName":" Minnesota → Notre Dame Layout (3 degrees) includes all teams at correct degrees","status":"passed","title":"includes all teams at correct degrees","duration":4,"failureMessages":[]},{"ancestorTitles":["","Minnesota → Notre Dame Layout (3 degrees)"],"fullName":" Minnesota → Notre Dame Layout (3 degrees) detects Purdue as bridge node providing shorter alternate path to Notre Dame","status":"passed","title":"detects Purdue as bridge node providing shorter alternate path to Notre Dame","duration":1,"failureMessages":[]},{"ancestorTitles":["","Minnesota → Notre Dame Layout (3 degrees)"],"fullName":" Minnesota → Notre Dame Layout (3 degrees) shortest weighted path uses Oregon-USC route despite Purdue being fewer hops","status":"passed","title":"shortest weighted path uses Oregon-USC route despite Purdue being fewer hops","duration":1,"failureMessages":[]},{"ancestorTitles":["","Minnesota → Notre Dame Layout (3 degrees)"],"fullName":" Minnesota → Notre Dame Layout (3 degrees) positions shortest path nodes vertically centered","status":"passed","title":"positions shortest path nodes vertically centered","duration":2,"failureMessages":[]},{"ancestorTitles":["","Minnesota → Notre Dame Layout (3 degrees)"],"fullName":" Minnesota → Notre Dame Layout (3 degrees) Purdue provides 2-hop path but lower leverage than Oregon-USC","status":"passed","title":"Purdue provides 2-hop path but lower leverage than Oregon-USC","duration":1,"failureMessages":[]},{"ancestorTitles":["","Minnesota → Notre Dame Layout (3 degrees)"],"fullName":" Minnesota → Notre Dame Layout (3 degrees) maintains vertical separation between nodes at same degree","status":"passed","title":"maintains vertical separation between nodes at same degree","duration":0,"failureMessages":[]},{"ancestorTitles":["","Minnesota → Notre Dame Layout (3 degrees)"],"fullName":" Minnesota → Notre Dame Layout (3 degrees) layout is deterministic for same input","status":"passed","title":"layout is deterministic for same input","duration":1,"failureMessages":[]},{"ancestorTitles":["","Minnesota → Notre Dame Layout (3 degrees)"],"fullName":" Minnesota → Notre Dame Layout (3 degrees) validates full 3-degree graph structure matches browser visualization","status":"passed","title":"validates full 3-degree graph structure matches browser visualization","duration":1,"failureMessages":[]}],"startTime":1765810591587,"endTime":1765810591598,"status":"passed","message":"","name":"C:/Development/fbs-graph/web/tests/minnesota-notre-dame-layering.test.ts"},{"assertionResults":[{"ancestorTitles":["","Page Structure Tests","Simple Pages (with content-wrapper)","Home"],"fullName":" Page Structure Tests Simple Pages (with content-wrapper) Home should include shared-nav.css","status":"passed","title":"should include shared-nav.css","duration":21,"failureMessages":[]},{"ancestorTitles":["","Page Structure Tests","Simple Pages (with content-wrapper)","Home"],"fullName":" Page Structure Tests Simple Pages (with content-wrapper) Home should have content-wrapper div","status":"passed","title":"should have content-wrapper div","duration":8,"failureMessages":[]},{"ancestorTitles":["","Page Structure Tests","Simple Pages (with content-wrapper)","Home"],"fullName":" Page Structure Tests Simple Pages (with content-wrapper) Home should import and initialize shared navigation module","status":"passed","title":"should import and initialize shared navigation module","duration":7,"failureMessages":[]},{"ancestorTitles":["","Page Structure Tests","Simple Pages (with content-wrapper)","Home"],"fullName":" Page Structure Tests Simple Pages (with content-wrapper) Home should have proper HTML structure","status":"passed","title":"should have proper HTML structure","duration":6,"failureMessages":[]},{"ancestorTitles":["","Page Structure Tests","Simple Pages (with content-wrapper)","Home"],"fullName":" Page Structure Tests Simple Pages (with content-wrapper) Home should include common-theme.css","status":"passed","title":"should include common-theme.css","duration":7,"failureMessages":[]},{"ancestorTitles":["","Page Structure Tests","Simple Pages (with content-wrapper)","Playoff Preview"],"fullName":" Page Structure Tests Simple Pages (with content-wrapper) Playoff Preview should include shared-nav.css","status":"passed","title":"should include shared-nav.css","duration":13,"failureMessages":[]},{"ancestorTitles":["","Page Structure Tests","Simple Pages (with content-wrapper)","Playoff Preview"],"fullName":" Page Structure Tests Simple Pages (with content-wrapper) Playoff Preview should have content-wrapper div","status":"passed","title":"should have content-wrapper div","duration":9,"failureMessages":[]},{"ancestorTitles":["","Page Structure Tests","Simple Pages (with content-wrapper)","Playoff Preview"],"fullName":" Page Structure Tests Simple Pages (with content-wrapper) Playoff Preview should import and initialize shared navigation module","status":"passed","title":"should import and initialize shared navigation module","duration":11,"failureMessages":[]},{"ancestorTitles":["","Page Structure Tests","Simple Pages (with content-wrapper)","Playoff Preview"],"fullName":" Page Structure Tests Simple Pages (with content-wrapper) Playoff Preview should have proper HTML structure","status":"passed","title":"should have proper HTML structure","duration":8,"failureMessages
[...]
s","Visualizer Pages (without content-wrapper)","FBS Graph Timeline Explorer"],"fullName":" Page Structure Tests Visualizer Pages (without content-wrapper) FBS Graph Timeline Explorer should NOT have content-wrapper div","status":"passed","title":"should NOT have content-wrapper div","duration":5,"failureMessages":[]},{"ancestorTitles":["","Page Structure Tests","Visualizer Pages (without content-wrapper)","FBS Graph Timeline Explorer"],"fullName":" Page Structure Tests Visualizer Pages (without content-wrapper) FBS Graph Timeline Explorer should have body margin-left styles for navigation offset","status":"passed","title":"should have body margin-left styles for navigation offset","duration":6,"failureMessages":[]},{"ancestorTitles":["","Page Structure Tests","Visualizer Pages (without content-wrapper)","FBS Graph Timeline Explorer"],"fullName":" Page Structure Tests Visualizer Pages (without content-wrapper) FBS Graph Timeline Explorer should have body.nav-collapsed margin reset styles","status":"passed","title":"should have body.nav-collapsed margin reset styles","duration":6,"failureMessages":[]},{"ancestorTitles":["","Page Structure Tests","Visualizer Pages (without content-wrapper)","FBS Graph Timeline Explorer"],"fullName":" Page Structure Tests Visualizer Pages (without content-wrapper) FBS Graph Timeline Explorer should import and initialize shared navigation module","status":"passed","title":"should import and initialize shared navigation module","duration":5,"failureMessages":[]},{"ancestorTitles":["","Page Structure Tests","Visualizer Pages (without content-wrapper)","FBS Graph Timeline Explorer"],"fullName":" Page Structure Tests Visualizer Pages (without content-wrapper) FBS Graph Timeline Explorer should have main element as direct child of body (not wrapped)","status":"passed","title":"should have main element as direct child of body (not wrapped)","duration":4,"failureMessages":[]},{"ancestorTitles":["","Page Structure Tests","Visualizer Pages (without content-wrapper)","FBS Graph Visualizer"],"fullName":" Page Structure Tests Visualizer Pages (without content-wrapper) FBS Graph Visualizer should include shared-nav.css","status":"passed","title":"should include shared-nav.css","duration":8,"failureMessages":[]},{"ancestorTitles":["","Page Structure Tests","Visualizer Pages (without content-wrapper)","FBS Graph Visualizer"],"fullName":" Page Structure Tests Visualizer Pages (without content-wrapper) FBS Graph Visualizer should NOT have content-wrapper div","status":"passed","title":"should NOT have content-wrapper div","duration":7,"failureMessages":[]},{"ancestorTitles":["","Page Structure Tests","Visualizer Pages (without content-wrapper)","FBS Graph Visualizer"],"fullName":" Page Structure Tests Visualizer Pages (without content-wrapper) FBS Graph Visualizer should have body margin-left styles for navigation offset","status":"passed","title":"should have body margin-left styles for navigation offset","duration":6,"failureMessages":[]},{"ancestorTitles":["","Page Structure Tests","Visualizer Pages (without content-wrapper)","FBS Graph Visualizer"],"fullName":" Page Structure Tests Visualizer Pages (without content-wrapper) FBS Graph Visualizer should have body.nav-collapsed margin reset styles","status":"passed","title":"should have body.nav-collapsed margin reset styles","duration":6,"failureMessages":[]},{"ancestorTitles":["","Page Structure Tests","Visualizer Pages (without content-wrapper)","FBS Graph Visualizer"],"fullName":" Page Structure Tests Visualizer Pages (without content-wrapper) FBS Graph Visualizer should import and initialize shared navigation module","status":"passed","title":"should import and initialize shared navigation module","duration":13,"failureMessages":[]},{"ancestorTitles":["","Page Structure Tests","Visualizer Pages (without content-wrapper)","FBS Graph Visualizer"],"fullName":" Page Structure Tests Visualizer Pages (without content-wrapper) FBS Graph Visualizer should have main element as direct child of body (not wrapped)","status":"passed","title":"should have main element as direct child of body (not wrapped)","duration":15,"failureMessages":[]},{"ancestorTitles":["","Page Structure Tests","Navigation Component Integration"],"fullName":" Page Structure Tests Navigation Component Integration all pages should use the same navigation initialization pattern","status":"passed","title":"all pages should use the same navigation initialization pattern","duration":2,"failureMessages":[]},{"ancestorTitles":["","Page Structure Tests","Navigation Component Integration"],"fullName":" Page Structure Tests Navigation Component Integration all pages should include the shared navigation CSS","status":"passed","title":"all pages should include the shared navigation CSS","duration":1,"failureMessages":[]},{"ancestorTitles":["","Page Structure Tests","Navigation Component Integration"],"fullName":" Page Structure Tests Navigation Component Integration all pages should include common-theme.css","status":"passed","title":"all pages should include common-theme.css","duration":1,"failureMessages":[]},{"ancestorTitles":["","Page Structure Tests","CSS Variables and Theming"],"fullName":" Page Structure Tests CSS Variables and Theming common-theme.css should define dark theme CSS variables","status":"passed","title":"common-theme.css should define dark theme CSS variables","duration":0,"failureMessages":[]},{"ancestorTitles":["","Page Structure Tests","CSS Variables and Theming"],"fullName":" Page Structure Tests CSS Variables and Theming shared-nav.css should use CSS variables for theming","status":"passed","title":"shared-nav.css should use CSS variables for theming","duration":0,"failureMessages":[]},{"ancestorTitles":["","Page Structure Tests","Layout Pattern Consistency"],"fullName":" Page Structure Tests Layout Pattern Consistency simple pages should have content-wrapper with proper transitions","status":"passed","title":"simple pages should have content-wrapper with proper transitions","duration":13,"failureMessages":[]},{"ancestorTitles":["","Page Structure Tests","Layout Pattern Consistency"],"fullName":" Page Structure Tests Layout Pattern Consistency visualizer pages should have body margin-left pattern","status":"passed","title":"visualizer pages should have body margin-left pattern","duration":0,"failureMessages":[]},{"ancestorTitles":["","Page Structure Tests","Layout Pattern Consistency"],"fullName":" Page Structure Tests Layout Pattern Consistency navigation width should be consistent (220px)","status":"passed","title":"navigation width should be consistent (220px)","duration":1,"failureMessages":[]},{"ancestorTitles":["","Page Structure Tests","Layout Pattern Consistency"],"fullName":" Page Structure Tests Layout Pattern Consistency transition duration should be consistent (0.3s)","status":"passed","title":"transition duration should be consistent (0.3s)","duration":0,"failureMessages":[]}],"startTime":1765810592421,"endTime":1765810592718,"status":"passed","message":"","name":"C:/Development/fbs-graph/web/tests/page-structure.test.ts"},{"assertionResults":[{"ancestorTitles":["","Shared Navigation Component","Navigation Module Structure"],"fullName":" Shared Navigation Component Navigation Module Structure should export initNavigation function","status":"passed","title":"should export initNavigation function","duration":2,"failureMessages":[]},{"ancestorTitles":["","Shared Navigation Component","Navigation Module Structure"],"fullName":" Shared Navigation Component Navigation Module Structure should create navigation HTML structure","status":"passed","title":"should create navigation HTML structure","duration":0,"failureMessages":[]},{"ancestorTitles":["","Shared Navigation Component","Navigation Module Structure"],"fullName":" Shared Navigation Component Navigation Module Structure should include all menu items","status":"passed","title":"should include all menu items","duration":0,"failureMessages":[]},{"ancestorTitles":["","Shared Navigation Component","Navigation Module Structure"],"fullName":" Shared Navigation Component Navigation Module Structure should include localStorage for state persistence","status":"passed","title":"should include localStorage for state persistence","duration":0,"failureMessages":[]},{"ancestorTitles":["","Shared Navigation Component","Navigation Module Structure"],"fullName":" Shared Navigation Component Navigation Module Structure should toggle navigation collapsed class","status":"passed","title":"should toggle navigation collapsed class","duration":0,"failureMessages":[]},{"ancestorTitles":["","Shared Navigation Component","Navigation Module Structure"],"fullName":" Shared Navigation Component Navigation Module Structure should support both content-wrapper and body class toggling","status":"passed","title":"should support both content-wrapper and body class toggling","duration":0,"failureMessages":[]},{"ancestorTitles":["","Shared Navigation Component","Navigation Module Structure"],"fullName":" Shared Navigation Component Navigation Module Structure should highlight active page","status":"passed","title":"should highlight active page","duration":0,"failureMessages":[]},{"ancestorTitles":["","Shared Navigation Component","Navigation Module Structure"],"fullName":" Shared Navigation Component Navigation Module Structure should create both inline and fixed toggle buttons","status":"passed","title":"should create both inline and fixed toggle buttons","duration":0,"failureMessages":[]}],"startTime":1765810592419,"endTime":1765810592422,"status":"passed","message":"","name":"C:/Development/fbs-graph/web/tests/shared-nav.test.ts"},{"assertionResults":[{"ancestorTitles":["","Static Data Adapter","constructor"],"fullName":" Static Data Adapter constructor should initialize with default basePath","status":"passed","title":"should initialize with default basePath","duration":2,"failureMessages":[]},{"ancestorTitles":["","Static Data Adapter","constructor"],"fullName":" Static Data Adapter constructor should initialize with custom basePath","status":"passed","title":"should initialize with custom basePath","duration":0,"failureMessages":[]},{"ancestorTitles":["","Static Data Adapter","getMetadata"],"fullName":" Static Data Adapter getMetadata should fetch and return metadata","status":"passed","title":"should fetch and return metadata","duration":2,"failureMessages":[]},{"ancestorTitles":["","Static Data Adapter","getConferences"],"fullName":" Static Data Adapter getConferences should fetch and return conferences","status":"passed","title":"should fetch and return conferences","duration":1,"failureMessages":[]},{"ancestorTitles":["","Static Data Adapter","getTeams"],"fullName":" Static Data Adapter getTeams should fetch and return teams","status":"passed","title":"should fetch and return teams","duration":1,"failureMessages":[]},{"ancestorTitles":["","Static Data Adapter","caching"],"fullName":" Static Data Adapter caching should cache loaded data","status":"passed","title":"should cache loaded data","duration":1,"failureMessages":[]},{"ancestorTitles":["","Static Data Adapter","queryTeams"],"fullName":" Static Data Adapter queryTeams should filter teams by conferenceId","status":"passed","title":"should filter teams by conferenceId","duration":0,"failureMessages":[]},{"ancestorTitles":["","Static Data Adapter","queryTeams"],"fullName":" Static Data Adapter queryTeams should return all teams when no filter is provided","status":"passed","title":"should return all teams when no filter is provided","duration":1,"failureMessages":[]},{"ancestorTitles":["","Static Data Adapter","error handling"],"fullName":" Static Data Adapter error handling should throw error for failed fetch","status":"passed","title":"should throw error for failed fetch","duration":2,"failureMessages":[]}],"startTime":1765810591575,"endTime":1765810591585,"status":"passed","message":"","name":"C:/Development/fbs-graph/web/tests/static-data-adapter.test.ts"},{"assertionResults":[{"ancestorTitles":["","Sugiyama Layout - Phase 1: Layer Assignment"],"fullName":" Sugiyama Layout - Phase 1: Layer Assignment should assign nodes to correct layers based on distance from source","status":"passed","title":"should assign nodes to correct layers based on distance from source","duration":5,"failureMessages":[]},{"ancestorTitles":["","Sugiyama Layout - Phase 1: Layer Assignment"],"fullName":" Sugiyama Layout - Phase 1: Layer Assignment should NOT detect bridge nodes when all nodes are on weighted shortest path or do not provide shorter hops","status":"passed","title":"should NOT detect bridge nodes when all nodes are on weighted shortest path or do not provide shorter hops","duration":1,"failureMessages":[]},{"ancestorTitles":["","Sugiyama Layout - Phase 1: Layer Assignment"],"fullName":" Sugiyama Layout - Phase 1: Layer Assignment should handle single-node layers","status":"passed","title":"should handle single-node layers","duration":1,"failureMessages":[]},{"ancestorTitles":["","Sugiyama Layout - Phase 2: Barycenter Calculation"],"fullName":" Sugiyama Layout - Phase 2: Barycenter Calculation should calculate barycenter as average of neighbor Y positions","status":"passed","title":"should calculate barycenter as average of neighbor Y positions","duration":1,"failureMessages":[]},{"ancestorTitles":["","Sugiyama Layout - Phase 2: Barycenter Calculation"],"fullName":" Sugiyama Layout - Phase 2: Barycenter Calculation should return null when node has no positioned neighbors","status":"passed","title":"should return null when node has no positioned neighbors","duration":0,"failureMessages":[]},{"ancestorTitles":["","Sugiyama Layout - Phase 3: Node Ordering"],"fullName":" Sugiyama Layout - Phase 3: Node Ordering should order nodes by barycenter to minimize crossings","status":"passed","title":"should order nodes by barycenter to minimize crossings","duration":2,"failureMessages":[]},{"ancestorTitles":["","Sugiyama Layout - Phase 3: Node Ordering"],"fullName":" Sugiyama Layout - Phase 3: Node Ordering should use alphabetical order as tie-breaker when barycenters are equal","status":"passed","title":"should use alphabetical order as tie-breaker when barycenters are equal","duration":0,"failureMessages":[]},{"ancestorTitles":["","Sugiyama Layout - Phase 4: Y-Coordinate Assignment"],"fullName":" Sugiyama Layout - Phase 4: Y-Coordinate Assignment should center single node at centerY","status":"passed","title":"should center single node at centerY","duration":0,"failureMessages":[]},{"ancestorTitles":["","Sugiyama Layout - Phase 4: Y-Coordinate Assignment"],"fullName":" Sugiyama Layout - Phase 4: Y-Coordinate Assignment should distribute two nodes symmetrically around centerY","status":"passed","title":"should distribute two nodes symmetrically around centerY","duration":1,"failureMessages":[]},{"ancestorTitles":["","Sugiyama Layout - Phase 4: Y-Coordinate Assignment"],"fullName":" Sugiyama Layout - Phase 4: Y-Coordinate Assignment should space nodes evenly with correct vertical spacing","status":"passed","title":"should space nodes evenly with correct vertical spacing","duration":0,"failureMessages":[]},{"ancestorTitles":["","Sugiyama Layout - Full Integration"],"fullName":" Sugiyama Layout - Full Integration should produce correct layout for Ohio State → Miami example","status":"passed","title":"should produce correct layout for Ohio State → Miami example","duration":2,"failureMessages":[]},{"ancestorTitles":["","Sugiyama Layout - Full Integration"],"fullName":" Sugiyama Layout - Full Integration should prevent edge crossings between parallel paths","status":"passed","title":"should prevent edge crossings between parallel paths","duration":0,"failureMessages":[]},{"ancestorTitles":["","Sugiyama Layout - Utilities"],"fullName":" Sugiyama Layout - Utilities should convert Map positions to object format","status":"passed","title":"should convert Map positions to object format","duration":1,"failureMessages":[]}],"startTime":1765810591582,"endTime":1765810591596,"status":"passed","message":"","name":"C:/Development/fbs-graph/web/tests/sugiyama-layout.test.ts"},{"assertionResults":[{"ancestorTitles":["","Data Loader Utilities","idify"],"fullName":" Data Loader Utilities idify should convert team names to lowercase IDs","status":"passed","title":"should convert team names to lowercase IDs","duration":1,"failureMessages":[]},{"ancestorTitles":["","Data Loader Utilities","idify"],"fullName":" Data Loader Utilities idify should remove special characters","status":"passed","title":"should remove special characters","duration":0,"failureMessages":[]},{"ancestorTitles":["","Data Loader Utilities","idify"],"fullName":" Data Loader Utilities idify should replace multiple spaces with single hyphen","status":"passed","title":"should replace multiple spaces with single hyphen","duration":0,"failureMessages":[]},{"ancestorTitles":["","Data Loader Utilities","idify"],"fullName":" Data Loader Utilities idify should handle already formatted IDs","status":"passed","title":"should handle already formatted IDs","duration":0,"failureMessages":[]},{"ancestorTitles":["","Data Loader Utilities","idify"],"fullName":" Data Loader Utilities idify should handle empty strings","status":"passed","title":"should handle empty strings","duration":0,"failureMessages":[]},{"ancestorTitles":["","Data Loader Utilities","idify"],"fullName":" Data Loader Utilities idify should handle names with dots","status":"passed","title":"should handle names with dots","duration":0,"failureMessages":[]}],"startTime":1765810591922,"endTime":1765810591923,"status":"passed","message":"","name":"C:/Development/fbs-graph/src/lib/dataLoader.test.ts"},{"assertionResults":[{"ancestorTitles":["","Score and Leverage Calculations","buildAPRankMap"],"fullName":" Score and Leverage Calculations buildAPRankMap should build a map of team season IDs to AP ranks","status":"passed","title":"should build a map of team season IDs to AP ranks","duration":1,"failureMessages":[]},{"ancestorTitles":["","Score and Leverage Calculations","buildAPRankMap"],"fullName":" Score and Leverage Calculations buildAPRankMap should only include AP polls","status":"passed","title":"should only include AP polls","duration":1,"failureMessages":[]},{"ancestorTitles":["","Score and Leverage Calculations","buildNormalizedSpPlus"],"fullName":" Score and Leverage Calculations buildNormalizedSpPlus should normalize SP+ ratings to 0-1 range","status":"passed","title":"should normalize SP+ ratings to 0-1 range","duration":0,"failureMessages":[]},{"ancestorTitles":["","Score and Leverage Calculations","buildNormalizedSpPlus"],"fullName":" Score and Leverage Calculations buildNormalizedSpPlus should handle seasons with no SP+ data","status":"passed","title":"should handle seasons with no SP+ data","duration":0,"failureMessages":[]},{"ancestorTitles":["","Score and Leverage Calculations","computeLeverageForGame"],"fullName":" Score and Leverage Calculations computeLeverageForGame should calculate leverage for a game between ranked teams","status":"passed","title":"should calculate leverage for a game between ranked teams","duration":1,"failureMessages":[]},{"ancestorTitles":["","Score and Leverage Calculations","computeLeverageForGame"],"fullName":" Score and Leverage Calculations computeLeverageForGame should apply bridge boost for non-conference games","status":"passed","title":"should apply bridge boost for non-conference games","duration":0,"failureMessages":[]},{"ancestorTitles":["","Score and Leverage Calculations","computeLeverageForGame"],"fullName":" Score and Leverage Calculations computeLeverageForGame should apply timing boost for late season games","status":"passed","title":"should apply timing boost for late season games","duration":1,"failureMessages":[]}],"startTime":1765810591575,"endTime":1765810591579,"status":"passed","message":"","name":"C:/Development/fbs-graph/src/lib/score.test.ts"}]}